mode: set
github.com/rodrigo0345/omag/transaction_manager/lock_manager.go:48.36,52.2 1 1
github.com/rodrigo0345/omag/transaction_manager/lock_manager.go:55.71,56.26 1 1
github.com/rodrigo0345/omag/transaction_manager/lock_manager.go:56.26,58.3 1 0
github.com/rodrigo0345/omag/transaction_manager/lock_manager.go:60.2,64.13 4 1
github.com/rodrigo0345/omag/transaction_manager/lock_manager.go:64.13,67.3 2 1
github.com/rodrigo0345/omag/transaction_manager/lock_manager.go:68.2,80.35 4 1
github.com/rodrigo0345/omag/transaction_manager/lock_manager.go:80.35,81.51 1 1
github.com/rodrigo0345/omag/transaction_manager/lock_manager.go:81.51,82.27 1 0
github.com/rodrigo0345/omag/transaction_manager/lock_manager.go:82.27,85.5 2 0
github.com/rodrigo0345/omag/transaction_manager/lock_manager.go:86.4,86.24 1 0
github.com/rodrigo0345/omag/transaction_manager/lock_manager.go:86.24,89.5 2 0
github.com/rodrigo0345/omag/transaction_manager/lock_manager.go:93.2,94.42 2 1
github.com/rodrigo0345/omag/transaction_manager/lock_manager.go:94.42,95.33 1 1
github.com/rodrigo0345/omag/transaction_manager/lock_manager.go:95.33,97.9 2 0
github.com/rodrigo0345/omag/transaction_manager/lock_manager.go:101.2,101.14 1 1
github.com/rodrigo0345/omag/transaction_manager/lock_manager.go:101.14,104.3 2 1
github.com/rodrigo0345/omag/transaction_manager/lock_manager.go:106.2,109.14 3 1
github.com/rodrigo0345/omag/transaction_manager/lock_manager.go:109.14,111.3 1 1
github.com/rodrigo0345/omag/transaction_manager/lock_manager.go:116.2,116.9 1 0
github.com/rodrigo0345/omag/transaction_manager/lock_manager.go:117.16,118.27 1 0
github.com/rodrigo0345/omag/transaction_manager/lock_manager.go:118.27,120.4 1 0
github.com/rodrigo0345/omag/transaction_manager/lock_manager.go:122.3,123.13 2 0
github.com/rodrigo0345/omag/transaction_manager/lock_manager.go:128.74,129.26 1 1
github.com/rodrigo0345/omag/transaction_manager/lock_manager.go:129.26,131.3 1 0
github.com/rodrigo0345/omag/transaction_manager/lock_manager.go:133.2,137.13 4 1
github.com/rodrigo0345/omag/transaction_manager/lock_manager.go:137.13,140.3 2 1
github.com/rodrigo0345/omag/transaction_manager/lock_manager.go:141.2,154.35 5 1
github.com/rodrigo0345/omag/transaction_manager/lock_manager.go:154.35,155.51 1 0
github.com/rodrigo0345/omag/transaction_manager/lock_manager.go:155.51,156.27 1 0
github.com/rodrigo0345/omag/transaction_manager/lock_manager.go:156.27,159.5 2 0
github.com/rodrigo0345/omag/transaction_manager/lock_manager.go:160.4,160.24 1 0
github.com/rodrigo0345/omag/transaction_manager/lock_manager.go:160.24,163.10 3 0
github.com/rodrigo0345/omag/transaction_manager/lock_manager.go:168.2,170.14 2 1
github.com/rodrigo0345/omag/transaction_manager/lock_manager.go:170.14,174.16 3 1
github.com/rodrigo0345/omag/transaction_manager/lock_manager.go:174.16,176.4 1 0
github.com/rodrigo0345/omag/transaction_manager/lock_manager.go:176.9,178.4 1 1
github.com/rodrigo0345/omag/transaction_manager/lock_manager.go:179.8,181.3 1 0
github.com/rodrigo0345/omag/transaction_manager/lock_manager.go:182.2,184.14 2 1
github.com/rodrigo0345/omag/transaction_manager/lock_manager.go:184.14,186.3 1 1
github.com/rodrigo0345/omag/transaction_manager/lock_manager.go:189.2,189.9 1 0
github.com/rodrigo0345/omag/transaction_manager/lock_manager.go:190.16,191.27 1 0
github.com/rodrigo0345/omag/transaction_manager/lock_manager.go:191.27,193.4 1 0
github.com/rodrigo0345/omag/transaction_manager/lock_manager.go:194.3,195.13 2 0
github.com/rodrigo0345/omag/transaction_manager/lock_manager.go:200.67,207.13 5 1
github.com/rodrigo0345/omag/transaction_manager/lock_manager.go:207.13,209.3 1 0
github.com/rodrigo0345/omag/transaction_manager/lock_manager.go:211.2,215.62 3 1
github.com/rodrigo0345/omag/transaction_manager/lock_manager.go:215.62,216.27 1 1
github.com/rodrigo0345/omag/transaction_manager/lock_manager.go:216.27,217.25 1 1
github.com/rodrigo0345/omag/transaction_manager/lock_manager.go:217.25,219.5 1 1
github.com/rodrigo0345/omag/transaction_manager/lock_manager.go:221.3,221.15 1 1
github.com/rodrigo0345/omag/transaction_manager/lock_manager.go:224.2,229.35 4 1
github.com/rodrigo0345/omag/transaction_manager/lock_manager.go:229.35,230.51 1 1
github.com/rodrigo0345/omag/transaction_manager/lock_manager.go:230.51,232.9 2 1
github.com/rodrigo0345/omag/transaction_manager/lock_manager.go:236.2,236.22 1 1
github.com/rodrigo0345/omag/transaction_manager/lock_manager.go:236.22,238.3 1 1
github.com/rodrigo0345/omag/transaction_manager/lock_manager.go:241.2,242.12 2 1
github.com/rodrigo0345/omag/transaction_manager/lock_manager.go:245.53,246.30 1 1
github.com/rodrigo0345/omag/transaction_manager/lock_manager.go:246.30,248.3 1 1
github.com/rodrigo0345/omag/transaction_manager/lock_manager.go:250.2,251.35 2 1
github.com/rodrigo0345/omag/transaction_manager/lock_manager.go:251.35,252.28 1 1
github.com/rodrigo0345/omag/transaction_manager/lock_manager.go:252.28,254.9 2 0
github.com/rodrigo0345/omag/transaction_manager/lock_manager.go:258.2,258.24 1 1
github.com/rodrigo0345/omag/transaction_manager/lock_manager.go:258.24,260.3 1 1
github.com/rodrigo0345/omag/transaction_manager/lock_manager.go:262.2,262.52 1 0
github.com/rodrigo0345/omag/transaction_manager/lock_manager.go:262.52,265.37 2 0
github.com/rodrigo0345/omag/transaction_manager/lock_manager.go:265.37,266.42 1 0
github.com/rodrigo0345/omag/transaction_manager/lock_manager.go:266.42,268.10 2 0
github.com/rodrigo0345/omag/transaction_manager/lock_manager.go:271.3,271.21 1 0
github.com/rodrigo0345/omag/transaction_manager/lock_manager.go:271.21,274.4 2 0
github.com/rodrigo0345/omag/transaction_manager/lock_manager.go:275.8,275.56 1 0
github.com/rodrigo0345/omag/transaction_manager/lock_manager.go:275.56,278.37 2 0
github.com/rodrigo0345/omag/transaction_manager/lock_manager.go:278.37,279.81 1 0
github.com/rodrigo0345/omag/transaction_manager/lock_manager.go:279.81,281.10 2 0
github.com/rodrigo0345/omag/transaction_manager/lock_manager.go:285.3,285.30 1 0
github.com/rodrigo0345/omag/transaction_manager/lock_manager.go:285.30,286.56 1 0
github.com/rodrigo0345/omag/transaction_manager/lock_manager.go:286.56,287.41 1 0
github.com/rodrigo0345/omag/transaction_manager/lock_manager.go:287.41,288.44 1 0
github.com/rodrigo0345/omag/transaction_manager/lock_manager.go:288.44,291.7 2 0
github.com/rodrigo0345/omag/transaction_manager/lock_manager.go:292.11,293.11 1 0
github.com/rodrigo0345/omag/transaction_manager/lock_manager.go:301.43,304.2 1 0
github.com/rodrigo0345/omag/transaction_manager/transaction.go:21.38,23.2 1 1
github.com/rodrigo0345/omag/transaction_manager/transaction.go:25.48,27.2 1 1
github.com/rodrigo0345/omag/transaction_manager/transaction_manager.go:13.72,17.2 1 1
github.com/rodrigo0345/omag/transaction_manager/transaction_manager.go:20.69,22.2 1 1
github.com/rodrigo0345/omag/transaction_manager/transaction_manager.go:24.52,33.2 2 1
github.com/rodrigo0345/omag/transaction_manager/transaction_manager.go:35.62,38.22 2 1
github.com/rodrigo0345/omag/transaction_manager/transaction_manager.go:38.22,46.3 3 0
github.com/rodrigo0345/omag/transaction_manager/transaction_manager.go:49.2,49.26 1 1
github.com/rodrigo0345/omag/transaction_manager/transaction_manager.go:49.26,50.67 1 1
github.com/rodrigo0345/omag/transaction_manager/transaction_manager.go:50.67,52.4 1 1
github.com/rodrigo0345/omag/transaction_manager/transaction_manager.go:58.2,58.12 1 1
github.com/rodrigo0345/omag/transaction_manager/transaction_manager.go:61.61,65.22 3 1
github.com/rodrigo0345/omag/transaction_manager/transaction_manager.go:65.22,72.3 3 0
github.com/rodrigo0345/omag/transaction_manager/transaction_manager.go:74.2,74.12 1 1
github.com/rodrigo0345/omag/transaction_manager/transaction_manager.go:77.65,79.45 1 1
github.com/rodrigo0345/omag/transaction_manager/transaction_manager.go:79.46,82.3 0 1
github.com/rodrigo0345/omag/buffermanager/buffer_pool_manager.go:26.86,31.32 3 1
github.com/rodrigo0345/omag/buffermanager/buffer_pool_manager.go:31.32,34.3 2 1
github.com/rodrigo0345/omag/buffermanager/buffer_pool_manager.go:36.2,43.3 1 1
github.com/rodrigo0345/omag/buffermanager/buffer_pool_manager.go:47.65,51.2 3 1
github.com/rodrigo0345/omag/buffermanager/buffer_pool_manager.go:54.71,58.54 2 1
github.com/rodrigo0345/omag/buffermanager/buffer_pool_manager.go:58.54,64.3 5 1
github.com/rodrigo0345/omag/buffermanager/buffer_pool_manager.go:67.2,70.27 2 1
github.com/rodrigo0345/omag/buffermanager/buffer_pool_manager.go:70.27,73.3 2 1
github.com/rodrigo0345/omag/buffermanager/buffer_pool_manager.go:73.8,77.10 3 1
github.com/rodrigo0345/omag/buffermanager/buffer_pool_manager.go:77.10,80.4 2 1
github.com/rodrigo0345/omag/buffermanager/buffer_pool_manager.go:83.3,84.27 2 1
github.com/rodrigo0345/omag/buffermanager/buffer_pool_manager.go:84.27,85.94 1 1
github.com/rodrigo0345/omag/buffermanager/buffer_pool_manager.go:85.94,88.5 2 0
github.com/rodrigo0345/omag/buffermanager/buffer_pool_manager.go:92.3,92.44 1 1
github.com/rodrigo0345/omag/buffermanager/buffer_pool_manager.go:96.2,102.74 5 1
github.com/rodrigo0345/omag/buffermanager/buffer_pool_manager.go:102.74,105.29 1 1
github.com/rodrigo0345/omag/buffermanager/buffer_pool_manager.go:105.29,107.4 1 1
github.com/rodrigo0345/omag/buffermanager/buffer_pool_manager.go:111.2,115.19 4 1
github.com/rodrigo0345/omag/buffermanager/buffer_pool_manager.go:119.76,124.13 4 1
github.com/rodrigo0345/omag/buffermanager/buffer_pool_manager.go:124.13,126.3 1 1
github.com/rodrigo0345/omag/buffermanager/buffer_pool_manager.go:128.2,131.29 2 1
github.com/rodrigo0345/omag/buffermanager/buffer_pool_manager.go:131.29,133.3 1 1
github.com/rodrigo0345/omag/buffermanager/buffer_pool_manager.go:136.2,136.13 1 1
github.com/rodrigo0345/omag/buffermanager/buffer_pool_manager.go:136.13,138.3 1 1
github.com/rodrigo0345/omag/buffermanager/buffer_pool_manager.go:141.2,141.30 1 1
github.com/rodrigo0345/omag/buffermanager/buffer_pool_manager.go:141.30,143.3 1 1
github.com/rodrigo0345/omag/buffermanager/buffer_pool_manager.go:145.2,145.12 1 1
github.com/rodrigo0345/omag/buffermanager/buffer_pool_manager.go:149.56,157.27 4 1
github.com/rodrigo0345/omag/buffermanager/buffer_pool_manager.go:157.27,160.3 2 1
github.com/rodrigo0345/omag/buffermanager/buffer_pool_manager.go:160.8,164.10 3 1
github.com/rodrigo0345/omag/buffermanager/buffer_pool_manager.go:164.10,167.4 2 1
github.com/rodrigo0345/omag/buffermanager/buffer_pool_manager.go:170.3,171.27 2 1
github.com/rodrigo0345/omag/buffermanager/buffer_pool_manager.go:171.27,172.94 1 0
github.com/rodrigo0345/omag/buffermanager/buffer_pool_manager.go:172.94,175.5 2 0
github.com/rodrigo0345/omag/buffermanager/buffer_pool_manager.go:179.3,179.44 1 1
github.com/rodrigo0345/omag/buffermanager/buffer_pool_manager.go:183.2,189.28 5 1
github.com/rodrigo0345/omag/buffermanager/buffer_pool_manager.go:189.28,191.3 1 1
github.com/rodrigo0345/omag/buffermanager/buffer_pool_manager.go:194.2,198.19 4 1
github.com/rodrigo0345/omag/buffermanager/buffer_pool_manager.go:202.62,207.13 4 1
github.com/rodrigo0345/omag/buffermanager/buffer_pool_manager.go:207.13,209.3 1 1
github.com/rodrigo0345/omag/buffermanager/buffer_pool_manager.go:211.2,212.75 2 1
github.com/rodrigo0345/omag/buffermanager/buffer_pool_manager.go:212.75,214.3 1 0
github.com/rodrigo0345/omag/buffermanager/buffer_pool_manager.go:216.2,217.12 2 1
github.com/rodrigo0345/omag/buffermanager/buffer_pool_manager.go:221.48,225.45 3 1
github.com/rodrigo0345/omag/buffermanager/buffer_pool_manager.go:225.45,227.22 2 1
github.com/rodrigo0345/omag/buffermanager/buffer_pool_manager.go:227.22,228.77 1 1
github.com/rodrigo0345/omag/buffermanager/buffer_pool_manager.go:228.77,230.5 1 0
github.com/rodrigo0345/omag/buffermanager/buffer_pool_manager.go:231.4,231.25 1 1
github.com/rodrigo0345/omag/buffermanager/buffer_pool_manager.go:235.2,235.12 1 1
github.com/rodrigo0345/omag/buffermanager/buffer_pool_manager.go:239.45,244.45 3 1
github.com/rodrigo0345/omag/buffermanager/buffer_pool_manager.go:244.45,246.22 2 1
github.com/rodrigo0345/omag/buffermanager/buffer_pool_manager.go:246.22,247.77 1 1
github.com/rodrigo0345/omag/buffermanager/buffer_pool_manager.go:247.77,249.5 1 0
github.com/rodrigo0345/omag/buffermanager/buffer_pool_manager.go:253.2,253.32 1 1
github.com/rodrigo0345/omag/buffermanager/buffer_pool_manager.go:257.49,259.2 1 1
github.com/rodrigo0345/omag/buffermanager/disk_manager.go:19.58,21.16 2 1
github.com/rodrigo0345/omag/buffermanager/disk_manager.go:21.16,23.3 1 1
github.com/rodrigo0345/omag/buffermanager/disk_manager.go:26.2,27.16 2 1
github.com/rodrigo0345/omag/buffermanager/disk_manager.go:27.16,29.3 1 0
github.com/rodrigo0345/omag/buffermanager/disk_manager.go:31.2,36.8 2 1
github.com/rodrigo0345/omag/buffermanager/disk_manager.go:40.71,44.22 3 1
github.com/rodrigo0345/omag/buffermanager/disk_manager.go:44.22,46.3 1 0
github.com/rodrigo0345/omag/buffermanager/disk_manager.go:48.2,51.53 2 1
github.com/rodrigo0345/omag/buffermanager/disk_manager.go:51.53,53.3 1 1
github.com/rodrigo0345/omag/buffermanager/disk_manager.go:56.2,56.52 1 1
github.com/rodrigo0345/omag/buffermanager/disk_manager.go:56.52,58.3 1 1
github.com/rodrigo0345/omag/buffermanager/disk_manager.go:60.2,60.12 1 1
github.com/rodrigo0345/omag/buffermanager/disk_manager.go:64.72,68.22 3 1
github.com/rodrigo0345/omag/buffermanager/disk_manager.go:68.22,70.3 1 0
github.com/rodrigo0345/omag/buffermanager/disk_manager.go:72.2,72.31 1 1
github.com/rodrigo0345/omag/buffermanager/disk_manager.go:72.31,74.3 1 1
github.com/rodrigo0345/omag/buffermanager/disk_manager.go:76.2,79.53 2 1
github.com/rodrigo0345/omag/buffermanager/disk_manager.go:79.53,81.3 1 1
github.com/rodrigo0345/omag/buffermanager/disk_manager.go:84.2,84.53 1 1
github.com/rodrigo0345/omag/buffermanager/disk_manager.go:84.53,86.3 1 0
github.com/rodrigo0345/omag/buffermanager/disk_manager.go:88.2,88.12 1 1
github.com/rodrigo0345/omag/buffermanager/disk_manager.go:92.46,99.2 5 1
github.com/rodrigo0345/omag/buffermanager/disk_manager.go:102.38,106.22 3 1
github.com/rodrigo0345/omag/buffermanager/disk_manager.go:106.22,108.3 1 1
github.com/rodrigo0345/omag/buffermanager/disk_manager.go:109.2,109.12 1 0
github.com/rodrigo0345/omag/buffermanager/disk_manager.go:113.37,117.22 3 1
github.com/rodrigo0345/omag/buffermanager/disk_manager.go:117.22,119.3 1 0
github.com/rodrigo0345/omag/buffermanager/disk_manager.go:121.2,121.25 1 1
github.com/rodrigo0345/omag/buffermanager/page.go:19.31,26.2 1 1
github.com/rodrigo0345/omag/buffermanager/page.go:29.24,31.2 1 1
github.com/rodrigo0345/omag/buffermanager/page.go:34.26,36.2 1 1
github.com/rodrigo0345/omag/buffermanager/page.go:39.24,41.2 1 1
github.com/rodrigo0345/omag/buffermanager/page.go:44.26,46.2 1 1
github.com/rodrigo0345/omag/buffermanager/page.go:49.33,51.2 1 1
github.com/rodrigo0345/omag/buffermanager/page.go:54.31,56.2 1 1
github.com/rodrigo0345/omag/buffermanager/page.go:59.36,61.2 1 1
github.com/rodrigo0345/omag/buffermanager/page.go:64.41,66.2 1 1
github.com/rodrigo0345/omag/buffermanager/page.go:69.31,71.2 1 1
github.com/rodrigo0345/omag/buffermanager/page.go:74.37,76.2 1 1
github.com/rodrigo0345/omag/buffermanager/page.go:79.32,81.2 1 1
github.com/rodrigo0345/omag/buffermanager/page.go:84.35,86.2 1 1
github.com/rodrigo0345/omag/buffermanager/replacer.go:28.49,33.2 1 1
github.com/rodrigo0345/omag/buffermanager/replacer.go:36.50,41.25 3 1
github.com/rodrigo0345/omag/buffermanager/replacer.go:41.25,43.3 1 1
github.com/rodrigo0345/omag/buffermanager/replacer.go:46.2,53.22 5 1
github.com/rodrigo0345/omag/buffermanager/replacer.go:57.46,62.51 3 1
github.com/rodrigo0345/omag/buffermanager/replacer.go:62.51,65.3 2 1
github.com/rodrigo0345/omag/buffermanager/replacer.go:69.48,74.51 3 1
github.com/rodrigo0345/omag/buffermanager/replacer.go:74.51,77.3 2 1
github.com/rodrigo0345/omag/buffermanager/replacer.go:80.2,81.30 2 1
github.com/rodrigo0345/omag/buffermanager/replacer.go:85.36,89.2 3 1
github.com/rodrigo0345/omag/b_tree/btree.go:30.19,39.16 3 1
github.com/rodrigo0345/omag/b_tree/btree.go:39.16,41.3 1 0
github.com/rodrigo0345/omag/b_tree/btree.go:44.2,44.133 1 1
github.com/rodrigo0345/omag/b_tree/btree.go:44.133,48.3 2 1
github.com/rodrigo0345/omag/b_tree/btree.go:51.2,60.16 6 1
github.com/rodrigo0345/omag/b_tree/btree.go:60.16,62.3 1 0
github.com/rodrigo0345/omag/b_tree/btree.go:63.2,67.18 4 1
github.com/rodrigo0345/omag/b_tree/btree.go:71.91,73.62 1 1
github.com/rodrigo0345/omag/b_tree/btree.go:73.62,75.3 1 0
github.com/rodrigo0345/omag/b_tree/btree.go:77.2,79.16 3 1
github.com/rodrigo0345/omag/b_tree/btree.go:79.16,81.3 1 0
github.com/rodrigo0345/omag/b_tree/btree.go:83.2,85.16 3 1
github.com/rodrigo0345/omag/b_tree/btree.go:85.16,87.3 1 0
github.com/rodrigo0345/omag/b_tree/btree.go:90.2,91.15 2 1
github.com/rodrigo0345/omag/b_tree/btree.go:91.15,94.3 2 1
github.com/rodrigo0345/omag/b_tree/btree.go:96.2,97.22 2 1
github.com/rodrigo0345/omag/b_tree/btree.go:101.90,103.2 1 1
github.com/rodrigo0345/omag/b_tree/btree.go:106.83,108.65 1 1
github.com/rodrigo0345/omag/b_tree/btree.go:108.65,110.3 1 0
github.com/rodrigo0345/omag/b_tree/btree.go:112.2,114.16 3 1
github.com/rodrigo0345/omag/b_tree/btree.go:114.16,116.3 1 0
github.com/rodrigo0345/omag/b_tree/btree.go:118.2,120.16 3 1
github.com/rodrigo0345/omag/b_tree/btree.go:120.16,122.3 1 0
github.com/rodrigo0345/omag/b_tree/btree.go:125.2,130.16 4 1
github.com/rodrigo0345/omag/b_tree/btree.go:130.16,134.3 3 1
github.com/rodrigo0345/omag/b_tree/btree.go:137.2,147.86 5 1
github.com/rodrigo0345/omag/b_tree/btree.go:147.86,149.3 1 0
github.com/rodrigo0345/omag/b_tree/btree.go:151.2,151.58 1 1
github.com/rodrigo0345/omag/b_tree/btree.go:151.58,153.3 1 0
github.com/rodrigo0345/omag/b_tree/btree.go:155.2,155.12 1 1
github.com/rodrigo0345/omag/b_tree/btree.go:159.94,161.2 1 1
github.com/rodrigo0345/omag/b_tree/btree.go:164.97,166.65 1 1
github.com/rodrigo0345/omag/b_tree/btree.go:166.65,168.3 1 0
github.com/rodrigo0345/omag/b_tree/btree.go:170.2,172.16 3 1
github.com/rodrigo0345/omag/b_tree/btree.go:172.16,174.3 1 0
github.com/rodrigo0345/omag/b_tree/btree.go:176.2,178.16 3 1
github.com/rodrigo0345/omag/b_tree/btree.go:178.16,180.3 1 0
github.com/rodrigo0345/omag/b_tree/btree.go:182.2,187.24 4 1
github.com/rodrigo0345/omag/b_tree/btree.go:187.24,190.3 1 1
github.com/rodrigo0345/omag/b_tree/btree.go:192.2,192.16 1 1
github.com/rodrigo0345/omag/b_tree/btree.go:192.16,196.3 3 0
github.com/rodrigo0345/omag/b_tree/btree.go:199.2,210.86 5 1
github.com/rodrigo0345/omag/b_tree/btree.go:210.86,212.3 1 0
github.com/rodrigo0345/omag/b_tree/btree.go:214.2,214.58 1 1
github.com/rodrigo0345/omag/b_tree/btree.go:214.58,216.3 1 0
github.com/rodrigo0345/omag/b_tree/btree.go:218.2,218.12 1 1
github.com/rodrigo0345/omag/b_tree/btree.go:222.101,224.61 1 1
github.com/rodrigo0345/omag/b_tree/btree.go:224.61,226.3 1 0
github.com/rodrigo0345/omag/b_tree/btree.go:227.2,227.61 1 1
github.com/rodrigo0345/omag/b_tree/btree.go:227.61,229.3 1 0
github.com/rodrigo0345/omag/b_tree/btree.go:231.2,235.16 3 1
github.com/rodrigo0345/omag/b_tree/btree.go:235.16,237.3 1 0
github.com/rodrigo0345/omag/b_tree/btree.go:239.2,242.18 2 1
github.com/rodrigo0345/omag/b_tree/btree.go:242.18,244.17 2 1
github.com/rodrigo0345/omag/b_tree/btree.go:244.17,246.4 1 0
github.com/rodrigo0345/omag/b_tree/btree.go:248.3,252.49 3 1
github.com/rodrigo0345/omag/b_tree/btree.go:252.49,254.76 2 1
github.com/rodrigo0345/omag/b_tree/btree.go:254.76,256.5 1 1
github.com/rodrigo0345/omag/b_tree/btree.go:256.10,256.46 1 0
github.com/rodrigo0345/omag/b_tree/btree.go:256.46,260.5 3 0
github.com/rodrigo0345/omag/b_tree/btree.go:264.3,268.22 4 1
github.com/rodrigo0345/omag/b_tree/btree.go:271.2,271.21 1 1
github.com/rodrigo0345/omag/b_tree/btree.go:279.153,283.16 3 1
github.com/rodrigo0345/omag/b_tree/btree.go:283.16,286.35 3 0
github.com/rodrigo0345/omag/b_tree/btree.go:286.35,288.4 1 0
github.com/rodrigo0345/omag/b_tree/btree.go:289.3,289.13 1 0
github.com/rodrigo0345/omag/b_tree/btree.go:291.2,297.41 4 1
github.com/rodrigo0345/omag/b_tree/btree.go:297.41,298.49 1 0
github.com/rodrigo0345/omag/b_tree/btree.go:298.49,303.4 4 0
github.com/rodrigo0345/omag/b_tree/btree.go:304.8,305.56 1 1
github.com/rodrigo0345/omag/b_tree/btree.go:305.56,310.4 4 1
github.com/rodrigo0345/omag/b_tree/btree.go:314.2,331.81 10 1
github.com/rodrigo0345/omag/b_tree/btree.go:334.118,335.20 1 1
github.com/rodrigo0345/omag/b_tree/btree.go:335.20,337.3 1 1
github.com/rodrigo0345/omag/b_tree/btree.go:339.2,341.16 3 1
github.com/rodrigo0345/omag/b_tree/btree.go:341.16,343.3 1 0
github.com/rodrigo0345/omag/b_tree/btree.go:345.2,350.24 4 1
github.com/rodrigo0345/omag/b_tree/btree.go:350.24,353.3 1 0
github.com/rodrigo0345/omag/b_tree/btree.go:355.2,355.16 1 1
github.com/rodrigo0345/omag/b_tree/btree.go:355.16,359.3 3 0
github.com/rodrigo0345/omag/b_tree/btree.go:362.2,372.72 5 1
github.com/rodrigo0345/omag/b_tree/btree.go:375.170,379.16 3 0
github.com/rodrigo0345/omag/b_tree/btree.go:379.16,382.35 3 0
github.com/rodrigo0345/omag/b_tree/btree.go:382.35,384.4 1 0
github.com/rodrigo0345/omag/b_tree/btree.go:385.3,385.13 1 0
github.com/rodrigo0345/omag/b_tree/btree.go:387.2,393.41 4 0
github.com/rodrigo0345/omag/b_tree/btree.go:393.41,394.53 1 0
github.com/rodrigo0345/omag/b_tree/btree.go:394.53,399.4 4 0
github.com/rodrigo0345/omag/b_tree/btree.go:400.8,401.58 1 0
github.com/rodrigo0345/omag/b_tree/btree.go:401.58,406.4 4 0
github.com/rodrigo0345/omag/b_tree/btree.go:410.2,427.81 10 0
github.com/rodrigo0345/omag/b_tree/btree.go:430.129,432.16 2 1
github.com/rodrigo0345/omag/b_tree/btree.go:432.16,434.3 1 0
github.com/rodrigo0345/omag/b_tree/btree.go:435.2,440.55 4 1
github.com/rodrigo0345/omag/b_tree/btree.go:440.55,442.3 1 0
github.com/rodrigo0345/omag/b_tree/btree.go:445.2,459.16 7 1
github.com/rodrigo0345/omag/b_tree/btree.go:459.16,461.3 1 0
github.com/rodrigo0345/omag/b_tree/btree.go:462.2,467.43 5 1
github.com/rodrigo0345/omag/b_tree/btree.go:470.78,473.6 2 1
github.com/rodrigo0345/omag/b_tree/btree.go:473.6,477.17 3 1
github.com/rodrigo0345/omag/b_tree/btree.go:477.17,479.4 1 0
github.com/rodrigo0345/omag/b_tree/btree.go:481.3,488.19 6 1
github.com/rodrigo0345/omag/b_tree/btree.go:489.17,490.20 1 1
github.com/rodrigo0345/omag/b_tree/btree.go:491.21,493.18 2 1
github.com/rodrigo0345/omag/b_tree/btree.go:493.18,495.5 1 0
github.com/rodrigo0345/omag/b_tree/btree.go:496.4,500.66 5 1
github.com/rodrigo0345/omag/b_tree/btree.go:501.11,502.34 1 0
github.com/rodrigo0345/omag/b_tree/cursor.go:16.45,21.2 1 1
github.com/rodrigo0345/omag/b_tree/cursor.go:23.45,26.16 3 1
github.com/rodrigo0345/omag/b_tree/cursor.go:26.16,28.3 1 0
github.com/rodrigo0345/omag/b_tree/cursor.go:31.2,31.29 1 1
github.com/rodrigo0345/omag/b_tree/cursor.go:31.29,33.3 1 1
github.com/rodrigo0345/omag/b_tree/cursor.go:35.2,37.16 3 1
github.com/rodrigo0345/omag/b_tree/cursor.go:37.16,39.3 1 0
github.com/rodrigo0345/omag/b_tree/cursor.go:41.2,49.33 6 1
github.com/rodrigo0345/omag/b_tree/cursor.go:49.33,51.38 2 1
github.com/rodrigo0345/omag/b_tree/cursor.go:51.38,53.9 2 1
github.com/rodrigo0345/omag/b_tree/cursor.go:56.2,59.72 2 1
github.com/rodrigo0345/omag/b_tree/cursor.go:59.72,61.3 1 0
github.com/rodrigo0345/omag/b_tree/cursor.go:63.2,63.12 1 1
github.com/rodrigo0345/omag/b_tree/cursor.go:66.36,68.29 1 1
github.com/rodrigo0345/omag/b_tree/cursor.go:68.29,70.3 1 0
github.com/rodrigo0345/omag/b_tree/cursor.go:73.2,75.6 2 1
github.com/rodrigo0345/omag/b_tree/cursor.go:75.6,77.17 2 1
github.com/rodrigo0345/omag/b_tree/cursor.go:77.17,79.4 1 0
github.com/rodrigo0345/omag/b_tree/cursor.go:81.3,86.27 5 1
github.com/rodrigo0345/omag/b_tree/cursor.go:86.27,91.4 4 1
github.com/rodrigo0345/omag/b_tree/cursor.go:93.3,93.31 1 0
github.com/rodrigo0345/omag/b_tree/cursor.go:93.31,96.32 3 0
github.com/rodrigo0345/omag/b_tree/cursor.go:96.32,99.5 2 0
github.com/rodrigo0345/omag/b_tree/cursor.go:99.10,101.5 1 0
github.com/rodrigo0345/omag/b_tree/cursor.go:102.4,103.55 2 0
github.com/rodrigo0345/omag/b_tree/cursor.go:104.9,107.4 2 0
github.com/rodrigo0345/omag/b_tree/cursor.go:111.35,112.29 1 1
github.com/rodrigo0345/omag/b_tree/cursor.go:112.29,114.3 1 0
github.com/rodrigo0345/omag/b_tree/cursor.go:116.2,125.32 7 1
github.com/rodrigo0345/omag/b_tree/cursor.go:125.32,126.20 1 1
github.com/rodrigo0345/omag/b_tree/cursor.go:126.20,131.4 3 1
github.com/rodrigo0345/omag/b_tree/cursor.go:133.3,136.17 3 0
github.com/rodrigo0345/omag/b_tree/cursor.go:136.17,138.4 1 0
github.com/rodrigo0345/omag/b_tree/cursor.go:140.3,142.20 3 0
github.com/rodrigo0345/omag/b_tree/cursor.go:145.2,145.12 1 1
github.com/rodrigo0345/omag/b_tree/cursor.go:148.35,149.29 1 1
github.com/rodrigo0345/omag/b_tree/cursor.go:149.29,151.3 1 1
github.com/rodrigo0345/omag/b_tree/cursor.go:153.2,158.15 5 1
github.com/rodrigo0345/omag/b_tree/cursor.go:161.35,162.16 1 1
github.com/rodrigo0345/omag/b_tree/cursor.go:162.16,164.3 1 0
github.com/rodrigo0345/omag/b_tree/cursor.go:166.2,173.12 7 1
github.com/rodrigo0345/omag/b_tree/cursor.go:176.37,177.16 1 1
github.com/rodrigo0345/omag/b_tree/cursor.go:177.16,179.3 1 0
github.com/rodrigo0345/omag/b_tree/cursor.go:181.2,188.14 7 1
github.com/rodrigo0345/omag/b_tree/cursor.go:192.36,193.29 1 1
github.com/rodrigo0345/omag/b_tree/cursor.go:193.29,195.3 1 1
github.com/rodrigo0345/omag/b_tree/cursor.go:196.2,196.12 1 1
github.com/rodrigo0345/omag/b_tree/internal_page.go:23.53,34.2 6 1
github.com/rodrigo0345/omag/b_tree/internal_page.go:36.47,38.2 1 1
github.com/rodrigo0345/omag/b_tree/internal_page.go:40.46,42.2 1 1
github.com/rodrigo0345/omag/b_tree/internal_page.go:44.53,46.2 1 1
github.com/rodrigo0345/omag/b_tree/internal_page.go:48.53,50.2 1 1
github.com/rodrigo0345/omag/b_tree/internal_page.go:52.58,54.2 1 1
github.com/rodrigo0345/omag/b_tree/internal_page.go:56.54,58.2 1 1
github.com/rodrigo0345/omag/b_tree/internal_page.go:60.63,62.2 1 1
github.com/rodrigo0345/omag/b_tree/internal_page.go:64.63,66.2 1 1
github.com/rodrigo0345/omag/b_tree/internal_page.go:68.66,71.2 2 1
github.com/rodrigo0345/omag/b_tree/internal_page.go:78.63,90.2 5 1
github.com/rodrigo0345/omag/b_tree/internal_page.go:92.92,103.2 7 1
github.com/rodrigo0345/omag/b_tree/internal_page.go:105.73,112.34 5 1
github.com/rodrigo0345/omag/b_tree/internal_page.go:112.34,114.49 2 1
github.com/rodrigo0345/omag/b_tree/internal_page.go:114.49,117.4 2 1
github.com/rodrigo0345/omag/b_tree/internal_page.go:118.3,119.37 2 1
github.com/rodrigo0345/omag/b_tree/internal_page.go:119.37,121.4 1 0
github.com/rodrigo0345/omag/b_tree/internal_page.go:121.9,123.4 1 1
github.com/rodrigo0345/omag/b_tree/internal_page.go:126.2,126.76 1 1
github.com/rodrigo0345/omag/b_tree/internal_page.go:126.76,129.3 2 1
github.com/rodrigo0345/omag/b_tree/internal_page.go:131.2,135.36 4 1
github.com/rodrigo0345/omag/b_tree/internal_page.go:135.36,139.3 3 1
github.com/rodrigo0345/omag/b_tree/internal_page.go:141.2,146.12 4 1
github.com/rodrigo0345/omag/b_tree/internal_page.go:149.53,152.51 2 1
github.com/rodrigo0345/omag/b_tree/internal_page.go:152.51,155.3 2 1
github.com/rodrigo0345/omag/b_tree/internal_page.go:157.2,157.24 1 1
github.com/rodrigo0345/omag/b_tree/internal_page.go:157.24,159.3 1 1
github.com/rodrigo0345/omag/b_tree/internal_page.go:161.2,162.26 2 1
github.com/rodrigo0345/omag/b_tree/internal_page.go:165.36,173.41 6 1
github.com/rodrigo0345/omag/b_tree/internal_page.go:173.41,186.3 8 1
github.com/rodrigo0345/omag/b_tree/internal_page.go:188.2,188.27 1 1
github.com/rodrigo0345/omag/b_tree/internal_page.go:191.63,201.44 6 1
github.com/rodrigo0345/omag/b_tree/internal_page.go:201.44,204.3 2 1
github.com/rodrigo0345/omag/b_tree/internal_page.go:207.2,218.40 7 1
github.com/rodrigo0345/omag/b_tree/internal_page.go:218.40,230.3 8 1
github.com/rodrigo0345/omag/b_tree/internal_page.go:232.2,234.20 2 1
github.com/rodrigo0345/omag/b_tree/meta_page.go:20.30,22.2 1 1
github.com/rodrigo0345/omag/b_tree/meta_page.go:24.53,25.19 1 1
github.com/rodrigo0345/omag/b_tree/meta_page.go:25.19,27.33 2 1
github.com/rodrigo0345/omag/b_tree/meta_page.go:27.33,29.4 1 0
github.com/rodrigo0345/omag/b_tree/meta_page.go:32.2,42.10 7 1
github.com/rodrigo0345/omag/b_tree/meta_page.go:45.40,47.2 1 1
github.com/rodrigo0345/omag/b_tree/meta_page.go:49.41,51.2 1 1
github.com/rodrigo0345/omag/b_tree/meta_page.go:53.37,55.2 1 1
github.com/rodrigo0345/omag/b_tree/meta_page.go:57.38,59.2 1 1
github.com/rodrigo0345/omag/b_tree/meta_page.go:61.38,63.2 1 1
github.com/rodrigo0345/omag/b_tree/meta_page.go:65.48,67.2 1 1
github.com/rodrigo0345/omag/b_tree/meta_page.go:69.49,71.2 1 1
github.com/rodrigo0345/omag/b_tree/meta_page.go:73.47,75.2 1 1
github.com/rodrigo0345/omag/b_tree/meta_page.go:77.45,79.2 1 1
github.com/rodrigo0345/omag/b_tree/meta_page.go:81.47,83.2 1 1
github.com/rodrigo0345/omag/b_tree/page_leaf.go:29.62,37.34 5 1
github.com/rodrigo0345/omag/b_tree/page_leaf.go:37.34,41.49 2 1
github.com/rodrigo0345/omag/b_tree/page_leaf.go:41.49,44.4 2 1
github.com/rodrigo0345/omag/b_tree/page_leaf.go:45.3,46.37 2 1
github.com/rodrigo0345/omag/b_tree/page_leaf.go:46.37,49.4 1 1
github.com/rodrigo0345/omag/b_tree/page_leaf.go:49.9,51.4 1 1
github.com/rodrigo0345/omag/b_tree/page_leaf.go:55.2,55.76 1 1
github.com/rodrigo0345/omag/b_tree/page_leaf.go:55.76,59.3 2 1
github.com/rodrigo0345/omag/b_tree/page_leaf.go:61.2,66.36 4 1
github.com/rodrigo0345/omag/b_tree/page_leaf.go:66.36,72.3 3 1
github.com/rodrigo0345/omag/b_tree/page_leaf.go:74.2,79.12 4 1
github.com/rodrigo0345/omag/b_tree/page_leaf.go:82.55,85.51 2 1
github.com/rodrigo0345/omag/b_tree/page_leaf.go:85.51,88.3 2 1
github.com/rodrigo0345/omag/b_tree/page_leaf.go:90.2,90.23 1 1
github.com/rodrigo0345/omag/b_tree/page_leaf.go:90.23,92.33 2 1
github.com/rodrigo0345/omag/b_tree/page_leaf.go:92.33,94.4 1 1
github.com/rodrigo0345/omag/b_tree/page_leaf.go:97.2,97.28 1 1
github.com/rodrigo0345/omag/b_tree/page_leaf.go:101.48,103.51 2 1
github.com/rodrigo0345/omag/b_tree/page_leaf.go:103.51,106.3 2 1
github.com/rodrigo0345/omag/b_tree/page_leaf.go:108.2,108.24 1 1
github.com/rodrigo0345/omag/b_tree/page_leaf.go:108.24,110.3 1 1
github.com/rodrigo0345/omag/b_tree/page_leaf.go:118.2,122.25 3 1
github.com/rodrigo0345/omag/b_tree/page_leaf.go:122.25,124.3 1 1
github.com/rodrigo0345/omag/b_tree/page_leaf.go:125.2,126.12 2 1
github.com/rodrigo0345/omag/b_tree/page_leaf.go:129.32,138.41 6 1
github.com/rodrigo0345/omag/b_tree/page_leaf.go:138.41,151.3 8 1
github.com/rodrigo0345/omag/b_tree/page_leaf.go:154.2,154.27 1 1
github.com/rodrigo0345/omag/b_tree/page_leaf.go:157.73,163.40 4 1
github.com/rodrigo0345/omag/b_tree/page_leaf.go:163.40,165.20 2 1
github.com/rodrigo0345/omag/b_tree/page_leaf.go:165.20,168.4 2 1
github.com/rodrigo0345/omag/b_tree/page_leaf.go:170.3,170.39 1 1
github.com/rodrigo0345/omag/b_tree/page_leaf.go:173.2,181.40 7 1
github.com/rodrigo0345/omag/b_tree/page_leaf.go:181.40,193.3 8 1
github.com/rodrigo0345/omag/b_tree/page_leaf.go:195.2,197.17 2 1
github.com/rodrigo0345/omag/b_tree/page_leaf.go:200.45,213.2 6 1
github.com/rodrigo0345/omag/b_tree/page_leaf.go:215.62,218.2 2 1
github.com/rodrigo0345/omag/b_tree/page_leaf.go:220.43,222.2 1 1
github.com/rodrigo0345/omag/b_tree/page_leaf.go:224.42,226.2 1 1
github.com/rodrigo0345/omag/b_tree/page_leaf.go:228.49,230.2 1 1
github.com/rodrigo0345/omag/b_tree/page_leaf.go:232.45,234.2 1 1
github.com/rodrigo0345/omag/b_tree/page_leaf.go:236.54,238.2 1 1
github.com/rodrigo0345/omag/b_tree/page_leaf.go:240.50,242.2 1 1
github.com/rodrigo0345/omag/b_tree/page_leaf.go:244.59,246.2 1 1
github.com/rodrigo0345/omag/b_tree/page_leaf.go:248.57,250.2 1 1
github.com/rodrigo0345/omag/b_tree/page_leaf.go:252.51,265.2 6 1
github.com/rodrigo0345/omag/b_tree/page_leaf.go:267.81,282.2 10 1
